2023-02-03 12:36:31,765 INFO o.a.j.u.JMeterUtils: Setting Locale to en_EN
2023-02-03 12:36:31,789 INFO o.a.j.JMeter: Loading user properties from: user.properties
2023-02-03 12:36:31,790 INFO o.a.j.JMeter: Loading system properties from: system.properties
2023-02-03 12:36:31,798 INFO o.a.j.JMeter: Copyright (c) 1998-2022 The Apache Software Foundation
2023-02-03 12:36:31,798 INFO o.a.j.JMeter: Version 5.5
2023-02-03 12:36:31,798 INFO o.a.j.JMeter: java.version=17.0.6
2023-02-03 12:36:31,798 INFO o.a.j.JMeter: java.vm.name=Java HotSpot(TM) 64-Bit Server VM
2023-02-03 12:36:31,799 INFO o.a.j.JMeter: os.name=Windows 10
2023-02-03 12:36:31,799 INFO o.a.j.JMeter: os.arch=amd64
2023-02-03 12:36:31,799 INFO o.a.j.JMeter: os.version=10.0
2023-02-03 12:36:31,799 INFO o.a.j.JMeter: file.encoding=Cp1252
2023-02-03 12:36:31,799 INFO o.a.j.JMeter: java.awt.headless=true
2023-02-03 12:36:31,799 INFO o.a.j.JMeter: Max memory     =1073741824
2023-02-03 12:36:31,799 INFO o.a.j.JMeter: Available Processors =12
2023-02-03 12:36:31,807 INFO o.a.j.JMeter: Default Locale=English (EN)
2023-02-03 12:36:31,807 INFO o.a.j.JMeter: JMeter  Locale=English (EN)
2023-02-03 12:36:31,807 INFO o.a.j.JMeter: JMeterHome=C:\Sample\Jmeter
2023-02-03 12:36:31,807 INFO o.a.j.JMeter: user.dir  =C:\Sample\Jmeter\bin
2023-02-03 12:36:31,808 INFO o.a.j.JMeter: PWD       =C:\Sample\Jmeter\bin
2023-02-03 12:36:31,809 INFO o.a.j.JMeter: IP: 192.168.0.103 Name: EXPLPT514 FullName: EXPLPT514.synerzipune.local
2023-02-03 12:36:31,817 INFO o.a.j.JMeter: Setting property 'jmeter.reportgenerator.outputdir' to:'C:\Sample\HTMLReport3'
2023-02-03 12:36:31,820 INFO o.a.j.s.FileServer: Default base='C:\Sample\Jmeter\bin'
2023-02-03 12:36:31,820 INFO o.a.j.s.FileServer: Set new base='C:\Sample\JmeterScript'
2023-02-03 12:36:31,965 INFO o.a.j.s.SaveService: Testplan (JMX) version: 2.2. Testlog (JTL) version: 2.2
2023-02-03 12:36:31,991 INFO o.a.j.s.SaveService: Using SaveService properties version 5.0
2023-02-03 12:36:31,996 INFO o.a.j.s.SaveService: Using SaveService properties file encoding UTF-8
2023-02-03 12:36:31,998 INFO o.a.j.s.SaveService: Loading file: C:\Sample\JmeterScript\Script_3.jmx
2023-02-03 12:36:32,039 INFO o.a.j.p.h.c.CookieManager: Settings: Delete null: true Check: true Allow variable: true Save: false Prefix: COOKIE_
2023-02-03 12:36:32,041 INFO o.a.j.p.h.c.CacheManager: Will only cache the following methods: [GET]
2023-02-03 12:36:32,052 INFO o.a.j.p.h.s.HTTPSamplerBase: Parser for text/html is org.apache.jmeter.protocol.http.parser.LagartoBasedHtmlParser
2023-02-03 12:36:32,052 INFO o.a.j.p.h.s.HTTPSamplerBase: Parser for application/xhtml+xml is org.apache.jmeter.protocol.http.parser.LagartoBasedHtmlParser
2023-02-03 12:36:32,052 INFO o.a.j.p.h.s.HTTPSamplerBase: Parser for application/xml is org.apache.jmeter.protocol.http.parser.LagartoBasedHtmlParser
2023-02-03 12:36:32,052 INFO o.a.j.p.h.s.HTTPSamplerBase: Parser for text/xml is org.apache.jmeter.protocol.http.parser.LagartoBasedHtmlParser
2023-02-03 12:36:32,052 INFO o.a.j.p.h.s.HTTPSamplerBase: Parser for text/vnd.wap.wml is org.apache.jmeter.protocol.http.parser.RegexpHTMLParser
2023-02-03 12:36:32,052 INFO o.a.j.p.h.s.HTTPSamplerBase: Parser for text/css is org.apache.jmeter.protocol.http.parser.CssParser
2023-02-03 12:36:32,125 INFO o.a.j.JMeter: Creating summariser <summary>
2023-02-03 12:36:32,130 INFO o.a.j.r.d.ReportGenerator: ReportGenerator will use for Parsing the separator: ','
2023-02-03 12:36:32,130 INFO o.a.j.r.d.ReportGenerator: Will generate report at end of test from  results file: C:\Sample\excel3.jtl
2023-02-03 12:36:32,130 INFO o.a.j.r.d.ReportGenerator: Reading report generator properties from: C:\Sample\Jmeter\bin\reportgenerator.properties
2023-02-03 12:36:32,131 INFO o.a.j.r.d.ReportGenerator: Merging with JMeter properties
2023-02-03 12:36:32,136 INFO o.a.j.r.c.ReportGeneratorConfiguration: Property 'jmeter.reportgenerator.temp_dir' not found, using default value 'temp' instead.
2023-02-03 12:36:32,140 INFO o.a.j.r.c.ReportGeneratorConfiguration: Property 'jmeter.reportgenerator.apdex_per_transaction' not found, using default value 'null' instead.
2023-02-03 12:36:32,140 INFO o.a.j.r.c.ReportGeneratorConfiguration: apdex_per_transaction is empty, not APDEX per transaction customization
2023-02-03 12:36:32,140 INFO o.a.j.r.c.ReportGeneratorConfiguration: Property 'jmeter.reportgenerator.sample_filter' not found, using default value 'null' instead.
2023-02-03 12:36:32,140 INFO o.a.j.r.c.ReportGeneratorConfiguration: Property 'jmeter.reportgenerator.report_title' not found, using default value 'null' instead.
2023-02-03 12:36:32,140 INFO o.a.j.r.c.ReportGeneratorConfiguration: Property 'jmeter.reportgenerator.start_date' not found, using default value 'null' instead.
2023-02-03 12:36:32,140 INFO o.a.j.r.c.ReportGeneratorConfiguration: Property 'jmeter.reportgenerator.end_date' not found, using default value 'null' instead.
2023-02-03 12:36:32,141 INFO o.a.j.r.c.ReportGeneratorConfiguration: Property 'jmeter.reportgenerator.date_format' not found, using default value 'null' instead.
2023-02-03 12:36:32,141 INFO o.a.j.r.c.ReportGeneratorConfiguration: Will use date range start date: null, end date: null
2023-02-03 12:36:32,146 INFO o.a.j.r.c.ReportGeneratorConfiguration: Property 'jmeter.reportgenerator.graph.totalTPS.exclude_controllers' not found, using default value 'false' instead.
2023-02-03 12:36:32,146 INFO o.a.j.r.c.ReportGeneratorConfiguration: Property 'jmeter.reportgenerator.graph.activeThreadsOverTime.exclude_controllers' not found, using default value 'false' instead.
2023-02-03 12:36:32,147 INFO o.a.j.r.c.ReportGeneratorConfiguration: Property 'jmeter.reportgenerator.graph.timeVsThreads.exclude_controllers' not found, using default value 'false' instead.
2023-02-03 12:36:32,147 INFO o.a.j.r.c.ReportGeneratorConfiguration: Property 'jmeter.reportgenerator.graph.responseTimeDistribution.exclude_controllers' not found, using default value 'false' instead.
2023-02-03 12:36:32,147 INFO o.a.j.r.c.ReportGeneratorConfiguration: Property 'jmeter.reportgenerator.graph.transactionsPerSecond.exclude_controllers' not found, using default value 'false' instead.
2023-02-03 12:36:32,147 INFO o.a.j.r.c.ReportGeneratorConfiguration: Property 'jmeter.reportgenerator.graph.responseTimePercentiles.exclude_controllers' not found, using default value 'false' instead.
2023-02-03 12:36:32,147 INFO o.a.j.r.c.ReportGeneratorConfiguration: Property 'jmeter.reportgenerator.graph.responseTimePercentilesOverTime.exclude_controllers' not found, using default value 'false' instead.
2023-02-03 12:36:32,147 INFO o.a.j.r.c.ReportGeneratorConfiguration: Property 'jmeter.reportgenerator.graph.responseTimesOverTime.exclude_controllers' not found, using default value 'false' instead.
2023-02-03 12:36:32,147 INFO o.a.j.r.c.ReportGeneratorConfiguration: Property 'jmeter.reportgenerator.graph.connectTimeOverTime.exclude_controllers' not found, using default value 'false' instead.
2023-02-03 12:36:32,148 INFO o.a.j.r.c.ReportGeneratorConfiguration: Property 'jmeter.reportgenerator.graph.latenciesOverTime.exclude_controllers' not found, using default value 'false' instead.
2023-02-03 12:36:32,149 INFO o.a.j.r.c.ReportGeneratorConfiguration: Property 'jmeter.reportgenerator.exporter.json.filters_only_sample_series' not found, using default value 'true' instead.
2023-02-03 12:36:32,149 INFO o.a.j.r.c.ReportGeneratorConfiguration: Property 'jmeter.reportgenerator.exporter.json.series_filter' not found, using default value '' instead.
2023-02-03 12:36:32,149 INFO o.a.j.r.c.ReportGeneratorConfiguration: Property 'jmeter.reportgenerator.exporter.json.show_controllers_only' not found, using default value 'false' instead.
2023-02-03 12:36:32,149 INFO o.a.j.r.c.ReportGeneratorConfiguration: Property 'jmeter.reportgenerator.exporter.html.filters_only_sample_series' not found, using default value 'true' instead.
2023-02-03 12:36:32,149 INFO o.a.j.r.c.ReportGeneratorConfiguration: Property 'jmeter.reportgenerator.exporter.html.series_filter' not found, using default value '' instead.
2023-02-03 12:36:32,149 INFO o.a.j.r.c.ReportGeneratorConfiguration: Property 'jmeter.reportgenerator.exporter.html.show_controllers_only' not found, using default value 'false' instead.
2023-02-03 12:36:32,164 INFO o.a.j.e.StandardJMeterEngine: Running the test!
2023-02-03 12:36:32,164 INFO o.a.j.s.SampleEvent: List of sample_variables: []
2023-02-03 12:36:32,164 INFO o.a.j.s.SampleEvent: List of sample_variables: []
2023-02-03 12:36:32,169 INFO o.a.j.e.u.CompoundVariable: Note: Function class names must contain the string: '.functions.'
2023-02-03 12:36:32,169 INFO o.a.j.e.u.CompoundVariable: Note: Function class names must not contain the string: '.gui.'
2023-02-03 12:36:32,278 INFO o.a.j.JMeter: Running test (1675407992278)
2023-02-03 12:36:32,294 INFO o.a.j.e.StandardJMeterEngine: Starting ThreadGroup: 1 : Script 1
2023-02-03 12:36:32,294 INFO o.a.j.e.StandardJMeterEngine: Starting 1 threads for group Script 1.
2023-02-03 12:36:32,294 INFO o.a.j.e.StandardJMeterEngine: Thread will continue on error
2023-02-03 12:36:32,294 INFO o.a.j.t.ThreadGroup: Starting thread group... number=1 threads=1 ramp-up=1 delayedStart=false
2023-02-03 12:36:32,307 INFO o.a.j.t.ThreadGroup: Started thread group number 1
2023-02-03 12:36:32,307 INFO o.a.j.e.StandardJMeterEngine: Starting ThreadGroup: 2 : Script 2
2023-02-03 12:36:32,307 INFO o.a.j.e.StandardJMeterEngine: Starting 1 threads for group Script 2.
2023-02-03 12:36:32,307 INFO o.a.j.e.StandardJMeterEngine: Thread will continue on error
2023-02-03 12:36:32,307 INFO o.a.j.t.ThreadGroup: Starting thread group... number=2 threads=1 ramp-up=1 delayedStart=false
2023-02-03 12:36:32,310 INFO o.a.j.t.ThreadGroup: Started thread group number 2
2023-02-03 12:36:32,310 INFO o.a.j.e.StandardJMeterEngine: All thread groups have been started
2023-02-03 12:36:32,372 INFO o.a.j.s.SampleResult: Note: Sample TimeStamps are START times
2023-02-03 12:36:32,372 INFO o.a.j.s.SampleResult: sampleresult.default.encoding is set to ISO-8859-1
2023-02-03 12:36:32,372 INFO o.a.j.s.SampleResult: sampleresult.useNanoTime=true
2023-02-03 12:36:32,372 INFO o.a.j.s.SampleResult: sampleresult.nanoThreadSleep=5000
2023-02-03 12:36:32,375 INFO o.a.j.t.JMeterThread: Thread started: Script 1 1-1
2023-02-03 12:36:32,375 INFO o.a.j.t.JMeterThread: Thread started: Script 2 2-1
2023-02-03 12:36:32,379 INFO o.a.j.s.FileServer: Stored: C:/Users/rohitt/Downloads/Username_Password.csv
2023-02-03 12:36:32,405 INFO o.a.j.p.h.s.HTTPHCAbstractImpl: Local host = EXPLPT514
2023-02-03 12:36:32,409 INFO o.a.j.p.h.s.HTTPHC4Impl: HTTP request retry count = 0
2023-02-03 12:36:32,497 INFO o.a.j.p.h.s.h.LazyLayeredConnectionSocketFactory: Setting up HTTPS TrustAll Socket Factory
2023-02-03 12:36:32,505 INFO o.a.j.u.JsseSSLManager: Using default SSL protocol: TLS
2023-02-03 12:36:32,505 INFO o.a.j.u.JsseSSLManager: SSL session context: per-thread
2023-02-03 12:36:32,746 INFO o.a.j.u.SSLManager: JmeterKeyStore Location:  type JKS
2023-02-03 12:36:32,752 INFO o.a.j.u.SSLManager: KeyStore created OK
2023-02-03 12:36:32,752 WARN o.a.j.u.SSLManager: Keystore file not found, loading empty keystore
2023-02-03 12:36:33,721 INFO o.a.j.s.FileServer: Stored: D:/Rohit Toshniwal's JMeter Assignment/Script 3/Product details.csv
2023-02-03 12:36:33,721 ERROR o.a.j.t.JMeterThread: Test failed!
java.lang.IllegalArgumentException: Could not read file header line for file D:/Rohit Toshniwal's JMeter Assignment/Script 3/Product details.csv
	at org.apache.jmeter.services.FileServer.reserveFile(FileServer.java:283) ~[ApacheJMeter_core.jar:5.5]
	at org.apache.jmeter.config.CSVDataSet.initVars(CSVDataSet.java:216) ~[ApacheJMeter_components.jar:5.5]
	at org.apache.jmeter.config.CSVDataSet.iterationStart(CSVDataSet.java:171) ~[ApacheJMeter_components.jar:5.5]
	at org.apache.jmeter.control.GenericController.fireIterationStart(GenericController.java:399) ~[ApacheJMeter_core.jar:5.5]
	at org.apache.jmeter.control.GenericController.fireIterEvents(GenericController.java:391) ~[ApacheJMeter_core.jar:5.5]
	at org.apache.jmeter.control.GenericController.next(GenericController.java:160) ~[ApacheJMeter_core.jar:5.5]
	at org.apache.jmeter.control.LoopController.next(LoopController.java:134) ~[ApacheJMeter_core.jar:5.5]
	at org.apache.jmeter.control.GenericController.nextIsAController(GenericController.java:222) ~[ApacheJMeter_core.jar:5.5]
	at org.apache.jmeter.control.GenericController.next(GenericController.java:175) ~[ApacheJMeter_core.jar:5.5]
	at org.apache.jmeter.control.LoopController.next(LoopController.java:134) ~[ApacheJMeter_core.jar:5.5]
	at org.apache.jmeter.control.GenericController.nextIsAController(GenericController.java:225) ~[ApacheJMeter_core.jar:5.5]
	at org.apache.jmeter.control.GenericController.next(GenericController.java:175) ~[ApacheJMeter_core.jar:5.5]
	at org.apache.jmeter.control.LoopController.next(LoopController.java:134) ~[ApacheJMeter_core.jar:5.5]
	at org.apache.jmeter.threads.AbstractThreadGroup.next(AbstractThreadGroup.java:99) ~[ApacheJMeter_core.jar:5.5]
	at org.apache.jmeter.threads.JMeterThread.run(JMeterThread.java:303) ~[ApacheJMeter_core.jar:5.5]
	at java.lang.Thread.run(Thread.java:833) ~[?:?]
Caused by: java.lang.IllegalArgumentException: File Product details.csv must exist and be readable
	at org.apache.jmeter.services.FileServer.createBufferedReader(FileServer.java:424) ~[ApacheJMeter_core.jar:5.5]
	at org.apache.jmeter.services.FileServer.readLine(FileServer.java:340) ~[ApacheJMeter_core.jar:5.5]
	at org.apache.jmeter.services.FileServer.readLine(FileServer.java:324) ~[ApacheJMeter_core.jar:5.5]
	at org.apache.jmeter.services.FileServer.reserveFile(FileServer.java:272) ~[ApacheJMeter_core.jar:5.5]
	... 15 more
2023-02-03 12:36:33,732 INFO o.a.j.t.JMeterThread: Thread finished: Script 2 2-1
2023-02-03 12:36:36,129 INFO o.a.j.t.JMeterThread: Thread is done: Script 1 1-1
2023-02-03 12:36:36,130 INFO o.a.j.t.JMeterThread: Thread finished: Script 1 1-1
2023-02-03 12:36:36,130 INFO o.a.j.e.StandardJMeterEngine: Notifying test listeners of end of test
2023-02-03 12:36:36,131 INFO o.a.j.s.FileServer: Close: C:/Users/rohitt/Downloads/Username_Password.csv
2023-02-03 12:36:36,133 INFO o.a.j.r.Summariser: summary =      0 in 00:00:00 = ******/s Avg:     0 Min: 9223372036854775807 Max: -9223372036854775808 Err:     0 (0.00%)
2023-02-03 12:36:36,133 INFO o.a.j.JMeter: Generating Dashboard
2023-02-03 12:36:36,133 INFO o.a.j.r.d.ReportGenerator: Flushing result collector before report Generation
2023-02-03 12:36:36,141 INFO o.a.j.r.p.NormalizerSampleConsumer: Using format, 'ms', to parse timeStamp field
2023-02-03 12:36:36,191 INFO o.a.j.r.p.AbstractSampleConsumer: class org.apache.jmeter.report.processor.AggregateConsumer#stopProducing(): beginDate produced 0 samples
2023-02-03 12:36:36,191 INFO o.a.j.r.p.AbstractSampleConsumer: class org.apache.jmeter.report.processor.AggregateConsumer#stopProducing(): endDate produced 0 samples
2023-02-03 12:36:36,194 INFO o.a.j.r.p.AbstractSampleConsumer: class org.apache.jmeter.report.processor.ApdexSummaryConsumer#stopProducing(): apdexSummary produced 0 samples
2023-02-03 12:36:36,194 INFO o.a.j.r.p.AbstractSampleConsumer: class org.apache.jmeter.report.processor.RequestsSummaryConsumer#stopProducing(): requestsSummary produced 0 samples
2023-02-03 12:36:36,198 INFO o.a.j.r.p.AbstractSampleConsumer: class org.apache.jmeter.report.processor.StatisticsSummaryConsumer#stopProducing(): statisticsSummary produced 0 samples
2023-02-03 12:36:36,199 INFO o.a.j.r.p.AbstractSampleConsumer: class org.apache.jmeter.report.processor.Top5ErrorsBySamplerConsumer#stopProducing(): top5ErrorsBySampler produced 0 samples
2023-02-03 12:36:36,199 INFO o.a.j.r.p.AbstractSampleConsumer: class org.apache.jmeter.report.processor.ErrorsSummaryConsumer#stopProducing(): errorsSummary produced 0 samples
2023-02-03 12:36:36,199 INFO o.a.j.r.p.AbstractSampleConsumer: class org.apache.jmeter.report.processor.graph.impl.HitsPerSecondGraphConsumer#stopProducing(): hitsPerSecond produced 0 samples
2023-02-03 12:36:36,208 INFO o.a.j.r.p.AbstractSampleConsumer: class org.apache.jmeter.report.processor.graph.impl.LatencyVSRequestGraphConsumer#stopProducing(): latencyVsRequest produced 0 samples
2023-02-03 12:36:36,208 INFO o.a.j.r.p.AbstractSampleConsumer: class org.apache.jmeter.report.processor.graph.impl.SyntheticResponseTimeDistributionGraphConsumer#stopProducing(): syntheticResponseTimeDistribution produced 0 samples
2023-02-03 12:36:36,208 INFO o.a.j.r.p.AbstractSampleConsumer: class org.apache.jmeter.report.processor.graph.impl.BytesThroughputGraphConsumer#stopProducing(): bytesThroughputOverTime produced 0 samples
2023-02-03 12:36:36,208 INFO o.a.j.r.p.AbstractSampleConsumer: class org.apache.jmeter.report.processor.graph.impl.CodesPerSecondGraphConsumer#stopProducing(): codesPerSecond produced 0 samples
2023-02-03 12:36:36,213 INFO o.a.j.r.p.AbstractSampleConsumer: class org.apache.jmeter.report.processor.graph.impl.ResponseTimeVSRequestGraphConsumer#stopProducing(): responseTimeVsRequest produced 0 samples
2023-02-03 12:36:36,213 INFO o.a.j.r.p.AbstractSampleConsumer: class org.apache.jmeter.report.processor.FilterConsumer#stopProducing(): startIntervalControlerFilter produced 154 samples
2023-02-03 12:36:36,213 INFO o.a.j.r.p.AbstractSampleConsumer: class org.apache.jmeter.report.processor.graph.impl.TotalTPSGraphConsumer#stopProducing(): totalTPS produced 0 samples
2023-02-03 12:36:36,213 INFO o.a.j.r.p.AbstractSampleConsumer: class org.apache.jmeter.report.processor.graph.impl.ActiveThreadsGraphConsumer#stopProducing(): activeThreadsOverTime produced 0 samples
2023-02-03 12:36:36,213 INFO o.a.j.r.p.AbstractSampleConsumer: class org.apache.jmeter.report.processor.graph.impl.TimeVSThreadGraphConsumer#stopProducing(): timeVsThreads produced 0 samples
2023-02-03 12:36:36,214 INFO o.a.j.r.p.AbstractSampleConsumer: class org.apache.jmeter.report.processor.graph.impl.ResponseTimeDistributionGraphConsumer#stopProducing(): responseTimeDistribution produced 0 samples
2023-02-03 12:36:36,214 INFO o.a.j.r.p.AbstractSampleConsumer: class org.apache.jmeter.report.processor.graph.impl.TransactionsPerSecondGraphConsumer#stopProducing(): transactionsPerSecond produced 0 samples
2023-02-03 12:36:36,214 INFO o.a.j.r.p.AbstractSampleConsumer: class org.apache.jmeter.report.processor.graph.impl.ResponseTimePercentilesGraphConsumer#stopProducing(): responseTimePercentiles produced 0 samples
2023-02-03 12:36:36,217 INFO o.a.j.r.p.AbstractSampleConsumer: class org.apache.jmeter.report.processor.graph.impl.ResponseTimePercentilesOverTimeGraphConsumer#stopProducing(): responseTimePercentilesOverTime produced 0 samples
2023-02-03 12:36:36,217 INFO o.a.j.r.p.AbstractSampleConsumer: class org.apache.jmeter.report.processor.graph.impl.ResponseTimeOverTimeGraphConsumer#stopProducing(): responseTimesOverTime produced 0 samples
2023-02-03 12:36:36,217 INFO o.a.j.r.p.AbstractSampleConsumer: class org.apache.jmeter.report.processor.graph.impl.ConnectTimeOverTimeGraphConsumer#stopProducing(): connectTimeOverTime produced 0 samples
2023-02-03 12:36:36,217 INFO o.a.j.r.p.AbstractSampleConsumer: class org.apache.jmeter.report.processor.graph.impl.LatencyOverTimeGraphConsumer#stopProducing(): latenciesOverTime produced 0 samples
2023-02-03 12:36:36,218 INFO o.a.j.r.p.AbstractSampleConsumer: class org.apache.jmeter.report.processor.FilterConsumer#stopProducing(): nameFilter produced 555 samples
2023-02-03 12:36:36,218 INFO o.a.j.r.p.AbstractSampleConsumer: class org.apache.jmeter.report.processor.FilterConsumer#stopProducing(): dateRangeFilter produced 111 samples
2023-02-03 12:36:36,218 INFO o.a.j.r.p.AbstractSampleConsumer: class org.apache.jmeter.report.processor.NormalizerSampleConsumer#stopProducing(): normalizer produced 37 samples
2023-02-03 12:36:36,218 INFO o.a.j.r.p.CsvFileSampleSource: produce(): 37 samples produced in 60ms on channel 0
2023-02-03 12:36:36,218 INFO o.a.j.r.d.ReportGenerator: Exporting data using exporter:'json' of className:'org.apache.jmeter.report.dashboard.JsonExporter'
2023-02-03 12:36:36,315 INFO o.a.j.r.d.JsonExporter: Found data for consumer statisticsSummary in context
2023-02-03 12:36:36,315 INFO o.a.j.r.d.JsonExporter: Creating statistics for overall
2023-02-03 12:36:36,315 INFO o.a.j.r.d.JsonExporter: Creating statistics for other transactions
2023-02-03 12:36:36,316 INFO o.a.j.r.d.JsonExporter: Checking output folder
2023-02-03 12:36:36,316 INFO o.a.j.r.d.JsonExporter: Writing statistics JSON to C:\Sample\HTMLReport3\statistics.json
2023-02-03 12:36:36,354 INFO o.a.j.r.d.ReportGenerator: Exporting data using exporter:'html' of className:'org.apache.jmeter.report.dashboard.HtmlTemplateExporter'
2023-02-03 12:36:36,356 INFO o.a.j.r.d.HtmlTemplateExporter: Will generate dashboard in folder: C:\Sample\HTMLReport3
2023-02-03 12:36:36,516 INFO o.a.j.r.d.HtmlTemplateExporter: Report will be generated in: C:\Sample\HTMLReport3, creating folder structure
2023-02-03 12:36:36,520 INFO o.a.j.r.d.TemplateVisitor: Copying folder from 'C:\Sample\Jmeter\bin\report-template' to 'C:\Sample\HTMLReport3', got message: C:\Sample\HTMLReport3, found non empty folder with following content [C:\Sample\HTMLReport3\statistics.json], will be ignored
2023-02-03 12:36:37,754 INFO o.a.j.JMeter: Dashboard generated
